[1] 3
[1] "15 3 3 15 3 15"
[1] "cccursize"
[1] 54

Running model: data1_f1_fix1.inp 
System command: cd "." && "mplus" "data1_f1_fix1.inp" 
Reading model:  data1_f1_fix1.out 

Running model: data1_f1_fix2.inp 
System command: cd "." && "mplus" "data1_f1_fix2.inp" 
Reading model:  data1_f1_fix2.out 

Running model: data1_f1_fix3.inp 
System command: cd "." && "mplus" "data1_f1_fix3.inp" 
Reading model:  data1_f1_fix3.out 

Running model: data1_f1_fix4.inp 
System command: cd "." && "mplus" "data1_f1_fix4.inp" 
Reading model:  data1_f1_fix4.out 

Running model: data1_f1_fix5.inp 
System command: cd "." && "mplus" "data1_f1_fix5.inp" 
Reading model:  data1_f1_fix5.out 

Running model: data1_f2_fix1.inp 
System command: cd "." && "mplus" "data1_f2_fix1.inp" 
Reading model:  data1_f2_fix1.out 

Running model: data1_f2_fix2.inp 
System command: cd "." && "mplus" "data1_f2_fix2.inp" 
Reading model:  data1_f2_fix2.out 

Running model: data1_f2_fix3.inp 
System command: cd "." && "mplus" "data1_f2_fix3.inp" 
Reading model:  data1_f2_fix3.out 

Running model: data1_f2_fix4.inp 
System command: cd "." && "mplus" "data1_f2_fix4.inp" 
Reading model:  data1_f2_fix4.out 

Running model: data1_f2_fix5.inp 
System command: cd "." && "mplus" "data1_f2_fix5.inp" 
Reading model:  data1_f2_fix5.out 

Running model: data1_f3_fix1.inp 
System command: cd "." && "mplus" "data1_f3_fix1.inp" 
Reading model:  data1_f3_fix1.out 

Running model: data1_f3_fix2.inp 
System command: cd "." && "mplus" "data1_f3_fix2.inp" 
Reading model:  data1_f3_fix2.out 

Running model: data1_f3_fix3.inp 
System command: cd "." && "mplus" "data1_f3_fix3.inp" 
Reading model:  data1_f3_fix3.out 

Running model: data1_f3_fix4.inp 
System command: cd "." && "mplus" "data1_f3_fix4.inp" 
Reading model:  data1_f3_fix4.out 

Running model: data1_f3_fix5.inp 
System command: cd "." && "mplus" "data1_f3_fix5.inp" 
Reading model:  data1_f3_fix5.out 
[1] "data1"
[1] "factor_minlst"
[1] 5 3 4

Running model: data1_3_5_3_4.inp 
System command: cd "." && "mplus" "data1_3_5_3_4.inp" 
Reading model:  data1_3_5_3_4.out 

Running model: data1_3_5_3_4.inp 
System command: cd "." && "mplus" "data1_3_5_3_4.inp" 
Reading model:  data1_3_5_3_4.out 
[1] "model_var_merge"
[1] "\n  NAMES = V1-V16;\n  USEVARIABLES = V1-V15;\n  "
[1] "model_model_merge"
[1] "\n  f1 by V1* V2-V5;f2 by V6* V7-V10;f3 by V11* V12-V15;\n  \n  f1-f3@1;\n  [f1-f3];\n  [V5@0];\n[V1-V4];[V8@0];\n[V6-V7];[V9-V10];[V14@0];\n[V11-V13];[V15];\n  V1-V15;\n  "

Running model: data2_f1_fix1.inp 
System command: cd "." && "mplus" "data2_f1_fix1.inp" 
Reading model:  data2_f1_fix1.out 

Running model: data2_f1_fix2.inp 
System command: cd "." && "mplus" "data2_f1_fix2.inp" 
Reading model:  data2_f1_fix2.out 

Running model: data2_f1_fix3.inp 
System command: cd "." && "mplus" "data2_f1_fix3.inp" 
Reading model:  data2_f1_fix3.out 

Running model: data2_f1_fix4.inp 
System command: cd "." && "mplus" "data2_f1_fix4.inp" 
Reading model:  data2_f1_fix4.out 

Running model: data2_f1_fix5.inp 
System command: cd "." && "mplus" "data2_f1_fix5.inp" 
Reading model:  data2_f1_fix5.out 

Running model: data2_f2_fix1.inp 
System command: cd "." && "mplus" "data2_f2_fix1.inp" 
Reading model:  data2_f2_fix1.out 

Running model: data2_f2_fix2.inp 
System command: cd "." && "mplus" "data2_f2_fix2.inp" 
Reading model:  data2_f2_fix2.out 

Running model: data2_f2_fix3.inp 
System command: cd "." && "mplus" "data2_f2_fix3.inp" 
Reading model:  data2_f2_fix3.out 

Running model: data2_f2_fix4.inp 
System command: cd "." && "mplus" "data2_f2_fix4.inp" 
Reading model:  data2_f2_fix4.out 

Running model: data2_f2_fix5.inp 
System command: cd "." && "mplus" "data2_f2_fix5.inp" 
Reading model:  data2_f2_fix5.out 

Running model: data2_f3_fix1.inp 
System command: cd "." && "mplus" "data2_f3_fix1.inp" 
Reading model:  data2_f3_fix1.out 

Running model: data2_f3_fix2.inp 
System command: cd "." && "mplus" "data2_f3_fix2.inp" 
Reading model:  data2_f3_fix2.out 

Running model: data2_f3_fix3.inp 
System command: cd "." && "mplus" "data2_f3_fix3.inp" 
Reading model:  data2_f3_fix3.out 

Running model: data2_f3_fix4.inp 
System command: cd "." && "mplus" "data2_f3_fix4.inp" 
Reading model:  data2_f3_fix4.out 

Running model: data2_f3_fix5.inp 
System command: cd "." && "mplus" "data2_f3_fix5.inp" 
Reading model:  data2_f3_fix5.out 
[1] "data2"
[1] "factor_minlst"
[1] 5 4 4

Running model: data2_3_5_4_4.inp 
System command: cd "." && "mplus" "data2_3_5_4_4.inp" 
Reading model:  data2_3_5_4_4.out 

Running model: data2_3_5_4_4.inp 
System command: cd "." && "mplus" "data2_3_5_4_4.inp" 
Reading model:  data2_3_5_4_4.out 
[1] "model_var_merge"
[1] "\n  NAMES = V1-V16;\n  USEVARIABLES = V1-V15;\n  "
[1] "model_model_merge"
[1] "\n  f1 by V1* V2-V5;f2 by V6* V7-V10;f3 by V11* V12-V15;\n  \n  f1-f3@1;\n  [f1-f3];\n  [V5@0];\n[V1-V4];[V9@0];\n[V6-V8];[V10];[V14@0];\n[V11-V13];[V15];\n  V1-V15;\n  "

Running model: data3_f1_fix1.inp 
System command: cd "." && "mplus" "data3_f1_fix1.inp" 
Reading model:  data3_f1_fix1.out 

Running model: data3_f1_fix2.inp 
System command: cd "." && "mplus" "data3_f1_fix2.inp" 
Reading model:  data3_f1_fix2.out 

Running model: data3_f1_fix3.inp 
System command: cd "." && "mplus" "data3_f1_fix3.inp" 
Reading model:  data3_f1_fix3.out 

Running model: data3_f1_fix4.inp 
System command: cd "." && "mplus" "data3_f1_fix4.inp" 
Reading model:  data3_f1_fix4.out 

Running model: data3_f1_fix5.inp 
System command: cd "." && "mplus" "data3_f1_fix5.inp" 
Reading model:  data3_f1_fix5.out 

Running model: data3_f2_fix1.inp 
System command: cd "." && "mplus" "data3_f2_fix1.inp" 
Reading model:  data3_f2_fix1.out 

Running model: data3_f2_fix2.inp 
System command: cd "." && "mplus" "data3_f2_fix2.inp" 
Reading model:  data3_f2_fix2.out 

Running model: data3_f2_fix3.inp 
System command: cd "." && "mplus" "data3_f2_fix3.inp" 
Reading model:  data3_f2_fix3.out 

Running model: data3_f2_fix4.inp 
System command: cd "." && "mplus" "data3_f2_fix4.inp" 
Reading model:  data3_f2_fix4.out 

Running model: data3_f2_fix5.inp 
System command: cd "." && "mplus" "data3_f2_fix5.inp" 
Reading model:  data3_f2_fix5.out 

Running model: data3_f3_fix1.inp 
System command: cd "." && "mplus" "data3_f3_fix1.inp" 
Reading model:  data3_f3_fix1.out 

Running model: data3_f3_fix2.inp 
System command: cd "." && "mplus" "data3_f3_fix2.inp" 
Reading model:  data3_f3_fix2.out 

Running model: data3_f3_fix3.inp 
System command: cd "." && "mplus" "data3_f3_fix3.inp" 
Reading model:  data3_f3_fix3.out 

Running model: data3_f3_fix4.inp 
System command: cd "." && "mplus" "data3_f3_fix4.inp" 
Reading model:  data3_f3_fix4.out 

Running model: data3_f3_fix5.inp 
System command: cd "." && "mplus" "data3_f3_fix5.inp" 
Reading model:  data3_f3_fix5.out 
[1] "data3"
[1] "factor_minlst"
[1] 3 4 5

Running model: data3_3_3_4_5.inp 
System command: cd "." && "mplus" "data3_3_3_4_5.inp" 
Reading model:  data3_3_3_4_5.out 

Running model: data3_3_3_4_5.inp 
System command: cd "." && "mplus" "data3_3_3_4_5.inp" 
Reading model:  data3_3_3_4_5.out 
[1] "model_var_merge"
[1] "\n  NAMES = V1-V16;\n  USEVARIABLES = V1-V15;\n  "
[1] "model_model_merge"
[1] "\n  f1 by V1* V2-V5;f2 by V6* V7-V10;f3 by V11* V12-V15;\n  \n  f1-f3@1;\n  [f1-f3];\n  [V3@0];\n[V1-V2];[V4-V5];[V9@0];\n[V6-V8];[V10];[V15@0];\n[V11-V14];\n  V1-V15;\n  "

Running model: data4_f1_fix1.inp 
System command: cd "." && "mplus" "data4_f1_fix1.inp" 
Reading model:  data4_f1_fix1.out 

Running model: data4_f1_fix2.inp 
System command: cd "." && "mplus" "data4_f1_fix2.inp" 
Reading model:  data4_f1_fix2.out 

Running model: data4_f1_fix3.inp 
System command: cd "." && "mplus" "data4_f1_fix3.inp" 
Reading model:  data4_f1_fix3.out 

Running model: data4_f1_fix4.inp 
System command: cd "." && "mplus" "data4_f1_fix4.inp" 
Reading model:  data4_f1_fix4.out 

Running model: data4_f1_fix5.inp 
System command: cd "." && "mplus" "data4_f1_fix5.inp" 
Reading model:  data4_f1_fix5.out 

Running model: data4_f2_fix1.inp 
System command: cd "." && "mplus" "data4_f2_fix1.inp" 
Reading model:  data4_f2_fix1.out 

Running model: data4_f2_fix2.inp 
System command: cd "." && "mplus" "data4_f2_fix2.inp" 
Reading model:  data4_f2_fix2.out 

Running model: data4_f2_fix3.inp 
System command: cd "." && "mplus" "data4_f2_fix3.inp" 
Reading model:  data4_f2_fix3.out 

Running model: data4_f2_fix4.inp 
System command: cd "." && "mplus" "data4_f2_fix4.inp" 
Reading model:  data4_f2_fix4.out 

Running model: data4_f2_fix5.inp 
System command: cd "." && "mplus" "data4_f2_fix5.inp" 
Reading model:  data4_f2_fix5.out 

Running model: data4_f3_fix1.inp 
System command: cd "." && "mplus" "data4_f3_fix1.inp" 
Reading model:  data4_f3_fix1.out 

Running model: data4_f3_fix2.inp 
System command: cd "." && "mplus" "data4_f3_fix2.inp" 
Reading model:  data4_f3_fix2.out 

Running model: data4_f3_fix3.inp 
System command: cd "." && "mplus" "data4_f3_fix3.inp" 
Reading model:  data4_f3_fix3.out 

Running model: data4_f3_fix4.inp 
System command: cd "." && "mplus" "data4_f3_fix4.inp" 
Reading model:  data4_f3_fix4.out 

Running model: data4_f3_fix5.inp 
System command: cd "." && "mplus" "data4_f3_fix5.inp" 
Reading model:  data4_f3_fix5.out 
[1] "data4"
[1] "factor_minlst"
[1] 5 5 4

Running model: data4_3_5_5_4.inp 
System command: cd "." && "mplus" "data4_3_5_5_4.inp" 
Reading model:  data4_3_5_5_4.out 

Running model: data4_3_5_5_4.inp 
System command: cd "." && "mplus" "data4_3_5_5_4.inp" 
Reading model:  data4_3_5_5_4.out 
[1] "model_var_merge"
[1] "\n  NAMES = V1-V16;\n  USEVARIABLES = V1-V15;\n  "
[1] "model_model_merge"
[1] "\n  f1 by V1* V2-V5;f2 by V6* V7-V10;f3 by V11* V12-V15;\n  \n  f1-f3@1;\n  [f1-f3];\n  [V5@0];\n[V1-V4];[V10@0];\n[V6-V9];[V14@0];\n[V11-V13];[V15];\n  V1-V15;\n  "

Running model: data5_f1_fix1.inp 
System command: cd "." && "mplus" "data5_f1_fix1.inp" 
Reading model:  data5_f1_fix1.out 

Running model: data5_f1_fix2.inp 
System command: cd "." && "mplus" "data5_f1_fix2.inp" 
Reading model:  data5_f1_fix2.out 

Running model: data5_f1_fix3.inp 
System command: cd "." && "mplus" "data5_f1_fix3.inp" 
Reading model:  data5_f1_fix3.out 

Running model: data5_f1_fix4.inp 
System command: cd "." && "mplus" "data5_f1_fix4.inp" 
Reading model:  data5_f1_fix4.out 

Running model: data5_f1_fix5.inp 
System command: cd "." && "mplus" "data5_f1_fix5.inp" 
Reading model:  data5_f1_fix5.out 

Running model: data5_f2_fix1.inp 
System command: cd "." && "mplus" "data5_f2_fix1.inp" 
Reading model:  data5_f2_fix1.out 

Running model: data5_f2_fix2.inp 
System command: cd "." && "mplus" "data5_f2_fix2.inp" 
Reading model:  data5_f2_fix2.out 

Running model: data5_f2_fix3.inp 
System command: cd "." && "mplus" "data5_f2_fix3.inp" 
Reading model:  data5_f2_fix3.out 

Running model: data5_f2_fix4.inp 
System command: cd "." && "mplus" "data5_f2_fix4.inp" 
Reading model:  data5_f2_fix4.out 

Running model: data5_f2_fix5.inp 
System command: cd "." && "mplus" "data5_f2_fix5.inp" 
Reading model:  data5_f2_fix5.out 

Running model: data5_f3_fix1.inp 
System command: cd "." && "mplus" "data5_f3_fix1.inp" 
Reading model:  data5_f3_fix1.out 

Running model: data5_f3_fix2.inp 
System command: cd "." && "mplus" "data5_f3_fix2.inp" 
Reading model:  data5_f3_fix2.out 

Running model: data5_f3_fix3.inp 
System command: cd "." && "mplus" "data5_f3_fix3.inp" 
Reading model:  data5_f3_fix3.out 

Running model: data5_f3_fix4.inp 
System command: cd "." && "mplus" "data5_f3_fix4.inp" 
Reading model:  data5_f3_fix4.out 

Running model: data5_f3_fix5.inp 
System command: cd "." && "mplus" "data5_f3_fix5.inp" 
Reading model:  data5_f3_fix5.out 
[1] "data5"
[1] "factor_minlst"
[1] 4 5 1

Running model: data5_3_4_5_1.inp 
System command: cd "." && "mplus" "data5_3_4_5_1.inp" 
Reading model:  data5_3_4_5_1.out 

Running model: data5_3_4_5_1.inp 
System command: cd "." && "mplus" "data5_3_4_5_1.inp" 
Reading model:  data5_3_4_5_1.out 
[1] "model_var_merge"
[1] "\n  NAMES = V1-V16;\n  USEVARIABLES = V1-V15;\n  "
[1] "model_model_merge"
[1] "\n  f1 by V1* V2-V5;f2 by V6* V7-V10;f3 by V11* V12-V15;\n  \n  f1-f3@1;\n  [f1-f3];\n  [V4@0];\n[V1-V3];[V5];[V10@0];\n[V6-V9];[V11@0];\n[V12-V15];\n  V1-V15;\n  "
[1] "g1"
    data1  data2  data3  data4  data5
1   0.551  0.582  0.515  0.600  0.644
2   0.559  0.553  0.532  0.482  0.680
3   0.567  0.600  0.499  0.550  0.664
4   0.608  0.528  0.570  0.536  0.629
5   0.551  0.575  0.554  0.566  0.714
6   0.597  0.591  0.528  0.589  0.589
7   0.562  0.623  0.519  0.598  0.468
8   0.541  0.649  0.525  0.603  0.598
9   0.547  0.566  0.527  0.690  0.591
10  0.643  0.578  0.585  0.623  0.535
11  0.614  0.653  0.598  0.598  0.568
12  0.602  0.633  0.646  0.566  0.580
13  0.575  0.763  0.723  0.612  0.588
14  0.561  0.656  0.597  0.568  0.591
15  0.603  0.603  0.629  0.652  0.635
16  0.440  0.306  0.320  0.322  0.281
17  0.364  0.352  0.356  0.306  0.274
18  0.418  0.340  0.325  0.298  0.303
19  0.131 -0.034  0.103 -0.156  0.105
20  0.152  0.007 -0.145 -0.123  0.059
21  0.021  0.157 -0.060 -0.100  0.012
22  0.049  0.025 -0.005  0.011 -0.116
23 -0.093 -0.008 -0.042  0.036 -0.065
24  0.010 -0.035  0.000 -0.005  0.014
25 -0.030  0.017  0.056  0.098  0.000
26  0.000  0.000 -0.068  0.000  0.005
27 -0.044  0.113  0.054  0.063  0.007
28 -0.006  0.071  0.055  0.067 -0.035
29  0.000  0.006  0.174  0.092  0.036
30 -0.132  0.000  0.000 -0.007  0.096
31 -0.063 -0.005  0.075  0.000  0.000
32 -0.015 -0.148  0.066  0.037  0.000
33 -0.036 -0.116  0.099  0.100 -0.021
34 -0.027 -0.077  0.101  0.054  0.002
35  0.000  0.000  0.129  0.000  0.141
36 -0.043 -0.016  0.000 -0.029  0.102
37  1.000  1.000  1.000  1.000  1.000
38  1.000  1.000  1.000  1.000  1.000
39  1.000  1.000  1.000  1.000  1.000
40  0.628  0.762  0.705  0.624  0.592
41  0.582  0.583  0.611  0.599  0.500
42  0.635  0.642  0.786  0.577  0.713
43  0.660  0.663  0.600  0.711  0.649
44  0.697  0.699  0.679  0.673  0.637
45  0.545  0.635  0.686  0.697  0.516
46  0.606  0.673  0.657  0.674  0.760
47  0.523  0.621  0.588  0.762  0.475
48  0.612  0.723  0.739  0.589  0.615
49  0.671  0.708  0.611  0.577  0.669
50  0.645  0.669  0.566  0.650  0.555
51  0.693  0.680  0.588  0.563  0.627
52  0.643  0.545  0.686  0.642  0.596
53  0.684  0.696  0.618  0.654  0.596
54  0.715  0.652  0.766  0.577  0.702
[1] "g2"
    data1  data2  data3  data4  data5
1   0.551  0.582  0.515  0.600  0.644
2   0.559  0.553  0.532  0.482  0.680
3   0.567  0.600  0.499  0.550  0.664
4   0.608  0.528  0.570  0.536  0.629
5   0.551  0.575  0.554  0.566  0.714
6   0.597  0.591  0.528  0.589  0.589
7   0.562  0.623  0.519  0.598  0.468
8   0.541  0.649  0.525  0.603  0.598
9   0.547  0.566  0.527  0.690  0.591
10  0.643  0.578  0.585  0.623  0.535
11  0.614  0.653  0.598  0.598  0.568
12  0.602  0.633  0.646  0.566  0.580
13  0.575  0.763  0.723  0.612  0.588
14  0.561  0.656  0.597  0.568  0.591
15  0.603  0.603  0.629  0.652  0.635
16  0.377  0.281  0.346  0.405  0.293
17  0.240  0.269  0.221  0.227  0.234
18  0.324  0.201  0.337  0.189  0.286
19 -0.041 -0.077  0.012 -0.016 -0.028
20  0.161  0.069 -0.108  0.116 -0.246
21 -0.107  0.008 -0.213  0.127  0.001
22  0.038  0.065  0.007  0.004 -0.051
23  0.168  0.256  0.201  0.200  0.263
24 -0.035 -0.055  0.000  0.000 -0.033
25  0.050 -0.011  0.026  0.066  0.000
26  0.000  0.000 -0.050  0.000 -0.028
27 -0.107 -0.150  0.060 -0.086  0.037
28  0.093  0.187  0.305  0.192  0.288
29  0.000 -0.050  0.001 -0.074  0.091
30 -0.134  0.000  0.000 -0.034  0.060
31 -0.153  0.012  0.064  0.000  0.000
32  0.033 -0.008  0.085 -0.021  0.000
33  0.314  0.282  0.401  0.220  0.212
34 -0.120 -0.093  0.049 -0.024  0.003
35  0.000  0.000  0.105  0.000 -0.136
36 -0.011 -0.120  0.000 -0.068  0.010
37  1.009  1.190  1.078  1.124  0.848
38  1.191  0.824  1.077  0.987  1.264
39  1.070  0.667  0.950  0.962  0.969
40  0.815  0.656  0.704  0.580  0.549
41  0.608  0.661  0.548  0.671  0.592
42  0.664  0.573  0.671  0.773  0.707
43  0.625  0.683  0.587  0.696  0.700
44  0.544  0.429  0.733  0.671  0.497
45  0.565  0.659  0.768  0.610  0.490
46  0.725  0.539  0.692  0.659  0.787
47  0.697  0.568  0.541  0.643  0.873
48  0.668  0.692  0.615  0.609  0.573
49  0.560  0.675  0.573  0.620  0.570
50  0.577  0.696  0.650  0.533  0.684
51  0.700  0.587  0.640  0.607  0.586
52  0.732  0.603  0.562  0.617  0.703
53  0.643  0.619  0.584  0.683  0.637
54  0.795  0.628  0.689  0.737  0.651
[1] "alldifftmp"
    data1  data2  data3  data4  data5
1   0.000  0.000  0.000  0.000  0.000
2   0.000  0.000  0.000  0.000  0.000
3   0.000  0.000  0.000  0.000  0.000
4   0.000  0.000  0.000  0.000  0.000
5   0.000  0.000  0.000  0.000  0.000
6   0.000  0.000  0.000  0.000  0.000
7   0.000  0.000  0.000  0.000  0.000
8   0.000  0.000  0.000  0.000  0.000
9   0.000  0.000  0.000  0.000  0.000
10  0.000  0.000  0.000  0.000  0.000
11  0.000  0.000  0.000  0.000  0.000
12  0.000  0.000  0.000  0.000  0.000
13  0.000  0.000  0.000  0.000  0.000
14  0.000  0.000  0.000  0.000  0.000
15  0.000  0.000  0.000  0.000  0.000
16  0.063  0.025 -0.026 -0.083 -0.012
17  0.124  0.083  0.135  0.079  0.040
18  0.094  0.139 -0.012  0.109  0.017
19  0.172  0.043  0.091 -0.140  0.133
20 -0.009 -0.062 -0.037 -0.239  0.305
21  0.128  0.149  0.153 -0.227  0.011
22  0.011 -0.040 -0.012  0.007 -0.065
23 -0.261 -0.264 -0.243 -0.164 -0.328
24  0.045  0.020  0.000 -0.005  0.047
25 -0.080  0.028  0.030  0.032  0.000
26  0.000  0.000 -0.018  0.000  0.033
27  0.063  0.263 -0.006  0.149 -0.030
28 -0.099 -0.116 -0.250 -0.125 -0.323
29  0.000  0.056  0.173  0.166 -0.055
30  0.002  0.000  0.000  0.027  0.036
31  0.090 -0.017  0.011  0.000  0.000
32 -0.048 -0.140 -0.019  0.058  0.000
33 -0.350 -0.398 -0.302 -0.120 -0.233
34  0.093  0.016  0.052  0.078 -0.001
35  0.000  0.000  0.024  0.000  0.277
36 -0.032  0.104  0.000  0.039  0.092
37 -0.009 -0.190 -0.078 -0.124  0.152
38 -0.191  0.176 -0.077  0.013 -0.264
39 -0.070  0.333  0.050  0.038  0.031
40 -0.187  0.106  0.001  0.044  0.043
41 -0.026 -0.078  0.063 -0.072 -0.092
42 -0.029  0.069  0.115 -0.196  0.006
43  0.035 -0.020  0.013  0.015 -0.051
44  0.153  0.270 -0.054  0.002  0.140
45 -0.020 -0.024 -0.082  0.087  0.026
46 -0.119  0.134 -0.035  0.015 -0.027
47 -0.174  0.053  0.047  0.119 -0.398
48 -0.056  0.031  0.124 -0.020  0.042
49  0.111  0.033  0.038 -0.043  0.099
50  0.068 -0.027 -0.084  0.117 -0.129
51 -0.007  0.093 -0.052 -0.044  0.041
52 -0.089 -0.058  0.124  0.025 -0.107
53  0.041  0.077  0.034 -0.029 -0.041
54 -0.080  0.024  0.077 -0.160  0.051
