Mplus VERSION 7.4 (Mac)
MUTHEN & MUTHEN
12/06/2019   9:29 PM

INPUT INSTRUCTIONS

  TITLE:
  data generation;
  MONTECARLO:
  names=V1-V20;
                nobs=300 300;
                NGROUPS=2;
                nreps=100;
                seed=62244;
                REPSAVE = ALL;
                save = data*.dat;
  MODEL POPULATION:
  f1 by V1-V20*0.600000;

               [V1-V20*0];
               V1-V20*0.640000;
               f1*1;
              [f1*0];



  OUTPUT:
  TECH1;



*** WARNING in MODEL command
  All variables are uncorrelated with all other variables in the model.
  Check that this is what is intended.
*** WARNING in OUTPUT command
  TECH1 option is the default for MONTECARLO.
   2 WARNING(S) FOUND IN THE INPUT INSTRUCTIONS




data generation;

SUMMARY OF ANALYSIS

Number of groups                                                 2
Number of observations
   Group G1                                                    300
   Group G2                                                    300
   Total sample size                                           600

Number of replications
    Requested                                                  100
    Completed                                                  100
Value of seed                                                62244

Number of dependent variables                                   20
Number of independent variables                                  0
Number of continuous latent variables                            0

Observed dependent variables

  Continuous
   V1          V2          V3          V4          V5          V6
   V7          V8          V9          V10         V11         V12
   V13         V14         V15         V16         V17         V18
   V19         V20


Estimator                                                       ML
Information matrix                                        OBSERVED
Maximum number of iterations                                  1000
Convergence criterion                                    0.500D-04
Maximum number of steepest descent iterations                   20



SAMPLE STATISTICS FOR THE FIRST REPLICATION


     SAMPLE STATISTICS FOR G1


           Means
              V1            V2            V3            V4            V5
              ________      ________      ________      ________      ________
      1        -0.044        -0.017        -0.114        -0.057         0.018


           Means
              V6            V7            V8            V9            V10
              ________      ________      ________      ________      ________
      1        -0.007         0.013        -0.019        -0.060         0.042


           Means
              V11           V12           V13           V14           V15
              ________      ________      ________      ________      ________
      1         0.085         0.065        -0.014        -0.057        -0.069


           Means
              V16           V17           V18           V19           V20
              ________      ________      ________      ________      ________
      1        -0.051        -0.002        -0.002         0.036        -0.079


           Covariances
              V1            V2            V3            V4            V5
              ________      ________      ________      ________      ________
 V1             1.046
 V2             0.392         1.043
 V3             0.375         0.367         1.018
 V4             0.339         0.413         0.318         1.154
 V5             0.421         0.406         0.385         0.433         1.082
 V6             0.474         0.356         0.272         0.420         0.394
 V7             0.344         0.361         0.290         0.414         0.423
 V8             0.336         0.460         0.396         0.448         0.477
 V9             0.338         0.301         0.331         0.307         0.420
 V10            0.400         0.447         0.398         0.451         0.483
 V11            0.411         0.364         0.356         0.482         0.396
 V12            0.439         0.393         0.477         0.444         0.461
 V13            0.362         0.410         0.342         0.433         0.391
 V14            0.324         0.424         0.343         0.396         0.455
 V15            0.470         0.445         0.385         0.483         0.446
 V16            0.315         0.404         0.332         0.419         0.354
 V17            0.347         0.356         0.377         0.390         0.395
 V18            0.396         0.423         0.413         0.447         0.434
 V19            0.372         0.403         0.388         0.397         0.469
 V20            0.394         0.421         0.361         0.315         0.413


           Covariances
              V6            V7            V8            V9            V10
              ________      ________      ________      ________      ________
 V6             0.971
 V7             0.307         0.930
 V8             0.380         0.383         1.083
 V9             0.248         0.320         0.426         0.966
 V10            0.379         0.390         0.453         0.394         1.177
 V11            0.321         0.372         0.420         0.394         0.526
 V12            0.385         0.367         0.481         0.378         0.553
 V13            0.391         0.372         0.386         0.328         0.430
 V14            0.234         0.359         0.353         0.373         0.472
 V15            0.438         0.383         0.434         0.368         0.482
 V16            0.313         0.301         0.429         0.351         0.435
 V17            0.292         0.410         0.408         0.316         0.368
 V18            0.386         0.354         0.391         0.270         0.472
 V19            0.279         0.313         0.400         0.305         0.437
 V20            0.335         0.387         0.366         0.372         0.445


           Covariances
              V11           V12           V13           V14           V15
              ________      ________      ________      ________      ________
 V11            1.122
 V12            0.563         1.072
 V13            0.378         0.389         0.967
 V14            0.429         0.416         0.374         1.081
 V15            0.470         0.501         0.380         0.435         1.128
 V16            0.316         0.373         0.344         0.426         0.344
 V17            0.416         0.412         0.343         0.340         0.392
 V18            0.510         0.505         0.381         0.446         0.504
 V19            0.407         0.395         0.352         0.378         0.403
 V20            0.410         0.398         0.380         0.388         0.396


           Covariances
              V16           V17           V18           V19           V20
              ________      ________      ________      ________      ________
 V16            0.997
 V17            0.275         1.043
 V18            0.375         0.359         1.116
 V19            0.298         0.416         0.495         1.045
 V20            0.380         0.361         0.395         0.353         0.999


           Correlations
              V1            V2            V3            V4            V5
              ________      ________      ________      ________      ________
 V1             1.000
 V2             0.376         1.000
 V3             0.363         0.356         1.000
 V4             0.309         0.377         0.293         1.000
 V5             0.396         0.382         0.367         0.387         1.000
 V6             0.470         0.354         0.274         0.397         0.385
 V7             0.349         0.366         0.298         0.399         0.422
 V8             0.316         0.433         0.377         0.401         0.441
 V9             0.337         0.300         0.334         0.291         0.411
 V10            0.361         0.403         0.363         0.387         0.428
 V11            0.379         0.336         0.333         0.424         0.360
 V12            0.415         0.372         0.456         0.399         0.428
 V13            0.360         0.408         0.345         0.410         0.382
 V14            0.305         0.400         0.327         0.354         0.420
 V15            0.433         0.410         0.359         0.424         0.403
 V16            0.309         0.396         0.329         0.390         0.341
 V17            0.332         0.341         0.366         0.355         0.372
 V18            0.367         0.392         0.387         0.393         0.394
 V19            0.356         0.386         0.376         0.362         0.441
 V20            0.385         0.412         0.358         0.294         0.397


           Correlations
              V6            V7            V8            V9            V10
              ________      ________      ________      ________      ________
 V6             1.000
 V7             0.322         1.000
 V8             0.370         0.382         1.000
 V9             0.256         0.337         0.416         1.000
 V10            0.355         0.373         0.401         0.370         1.000
 V11            0.308         0.365         0.381         0.379         0.458
 V12            0.377         0.368         0.446         0.372         0.492
 V13            0.403         0.392         0.378         0.339         0.403
 V14            0.229         0.358         0.326         0.365         0.419
 V15            0.418         0.374         0.392         0.353         0.418
 V16            0.318         0.312         0.413         0.358         0.402
 V17            0.290         0.417         0.384         0.315         0.332
 V18            0.371         0.347         0.356         0.260         0.412
 V19            0.277         0.317         0.376         0.303         0.394
 V20            0.340         0.401         0.352         0.378         0.411


           Correlations
              V11           V12           V13           V14           V15
              ________      ________      ________      ________      ________
 V11            1.000
 V12            0.513         1.000
 V13            0.363         0.382         1.000
 V14            0.390         0.387         0.366         1.000
 V15            0.418         0.456         0.364         0.394         1.000
 V16            0.299         0.360         0.350         0.411         0.324
 V17            0.385         0.390         0.342         0.320         0.361
 V18            0.456         0.462         0.367         0.407         0.449
 V19            0.376         0.373         0.350         0.356         0.371
 V20            0.388         0.385         0.387         0.374         0.373


           Correlations
              V16           V17           V18           V19           V20
              ________      ________      ________      ________      ________
 V16            1.000
 V17            0.270         1.000
 V18            0.355         0.332         1.000
 V19            0.292         0.399         0.458         1.000
 V20            0.381         0.354         0.374         0.346         1.000


     SAMPLE STATISTICS FOR G2


           Means
              V1            V2            V3            V4            V5
              ________      ________      ________      ________      ________
      1        -0.066        -0.004         0.031        -0.087        -0.022


           Means
              V6            V7            V8            V9            V10
              ________      ________      ________      ________      ________
      1        -0.089        -0.048        -0.054        -0.047         0.010


           Means
              V11           V12           V13           V14           V15
              ________      ________      ________      ________      ________
      1        -0.105        -0.092        -0.033        -0.034        -0.105


           Means
              V16           V17           V18           V19           V20
              ________      ________      ________      ________      ________
      1         0.037         0.030        -0.057         0.052        -0.001


           Covariances
              V1            V2            V3            V4            V5
              ________      ________      ________      ________      ________
 V1             1.007
 V2             0.363         0.932
 V3             0.323         0.302         0.924
 V4             0.462         0.396         0.353         1.042
 V5             0.301         0.276         0.332         0.300         0.887
 V6             0.400         0.353         0.313         0.400         0.308
 V7             0.343         0.367         0.364         0.387         0.330
 V8             0.311         0.342         0.322         0.367         0.259
 V9             0.341         0.270         0.314         0.379         0.313
 V10            0.359         0.338         0.305         0.403         0.302
 V11            0.427         0.356         0.323         0.431         0.327
 V12            0.350         0.308         0.319         0.400         0.299
 V13            0.291         0.331         0.340         0.354         0.270
 V14            0.341         0.388         0.385         0.386         0.322
 V15            0.422         0.355         0.353         0.358         0.304
 V16            0.331         0.377         0.391         0.419         0.332
 V17            0.368         0.327         0.335         0.384         0.238
 V18            0.382         0.389         0.363         0.454         0.254
 V19            0.305         0.335         0.373         0.382         0.267
 V20            0.425         0.333         0.333         0.412         0.260


           Covariances
              V6            V7            V8            V9            V10
              ________      ________      ________      ________      ________
 V6             0.896
 V7             0.395         1.050
 V8             0.347         0.370         0.955
 V9             0.303         0.351         0.318         0.896
 V10            0.362         0.379         0.293         0.375         0.914
 V11            0.349         0.454         0.362         0.362         0.406
 V12            0.326         0.357         0.354         0.327         0.411
 V13            0.393         0.405         0.283         0.385         0.365
 V14            0.423         0.438         0.397         0.333         0.405
 V15            0.366         0.484         0.310         0.350         0.409
 V16            0.407         0.424         0.380         0.433         0.458
 V17            0.292         0.430         0.288         0.305         0.400
 V18            0.402         0.408         0.337         0.374         0.452
 V19            0.358         0.377         0.332         0.333         0.405
 V20            0.344         0.426         0.355         0.333         0.412


           Covariances
              V11           V12           V13           V14           V15
              ________      ________      ________      ________      ________
 V11            1.114
 V12            0.364         1.018
 V13            0.417         0.351         0.913
 V14            0.499         0.417         0.302         1.008
 V15            0.423         0.376         0.376         0.410         1.026
 V16            0.413         0.410         0.407         0.456         0.465
 V17            0.406         0.310         0.328         0.306         0.368
 V18            0.452         0.385         0.379         0.371         0.437
 V19            0.405         0.331         0.345         0.459         0.348
 V20            0.449         0.315         0.359         0.417         0.400


           Covariances
              V16           V17           V18           V19           V20
              ________      ________      ________      ________      ________
 V16            1.063
 V17            0.366         0.954
 V18            0.458         0.377         1.050
 V19            0.343         0.352         0.357         1.000
 V20            0.397         0.357         0.404         0.373         1.031


           Correlations
              V1            V2            V3            V4            V5
              ________      ________      ________      ________      ________
 V1             1.000
 V2             0.374         1.000
 V3             0.335         0.325         1.000
 V4             0.451         0.402         0.360         1.000
 V5             0.319         0.303         0.367         0.312         1.000
 V6             0.421         0.387         0.344         0.414         0.346
 V7             0.333         0.371         0.369         0.370         0.342
 V8             0.318         0.363         0.343         0.368         0.281
 V9             0.359         0.296         0.345         0.392         0.351
 V10            0.374         0.366         0.332         0.413         0.335
 V11            0.403         0.350         0.319         0.400         0.329
 V12            0.345         0.316         0.329         0.389         0.314
 V13            0.303         0.359         0.370         0.363         0.300
 V14            0.339         0.400         0.399         0.376         0.341
 V15            0.416         0.363         0.363         0.346         0.319
 V16            0.320         0.379         0.395         0.399         0.342
 V17            0.375         0.346         0.357         0.385         0.259
 V18            0.371         0.394         0.369         0.434         0.263
 V19            0.304         0.347         0.388         0.374         0.284
 V20            0.417         0.340         0.342         0.398         0.272


           Correlations
              V6            V7            V8            V9            V10
              ________      ________      ________      ________      ________
 V6             1.000
 V7             0.407         1.000
 V8             0.375         0.370         1.000
 V9             0.338         0.361         0.344         1.000
 V10            0.400         0.387         0.314         0.414         1.000
 V11            0.349         0.420         0.350         0.362         0.403
 V12            0.342         0.345         0.359         0.343         0.426
 V13            0.434         0.413         0.303         0.426         0.399
 V14            0.445         0.426         0.405         0.350         0.422
 V15            0.381         0.466         0.313         0.365         0.422
 V16            0.417         0.402         0.377         0.443         0.464
 V17            0.316         0.430         0.302         0.329         0.428
 V18            0.414         0.389         0.337         0.386         0.461
 V19            0.378         0.368         0.339         0.352         0.423
 V20            0.358         0.410         0.358         0.347         0.425


           Correlations
              V11           V12           V13           V14           V15
              ________      ________      ________      ________      ________
 V11            1.000
 V12            0.342         1.000
 V13            0.413         0.364         1.000
 V14            0.471         0.411         0.314         1.000
 V15            0.395         0.368         0.388         0.403         1.000
 V16            0.380         0.394         0.413         0.441         0.445
 V17            0.393         0.314         0.352         0.312         0.372
 V18            0.418         0.372         0.387         0.361         0.421
 V19            0.384         0.328         0.361         0.457         0.343
 V20            0.419         0.308         0.370         0.410         0.389


           Correlations
              V16           V17           V18           V19           V20
              ________      ________      ________      ________      ________
 V16            1.000
 V17            0.363         1.000
 V18            0.433         0.377         1.000
 V19            0.332         0.360         0.349         1.000
 V20            0.379         0.360         0.388         0.367         1.000


MODEL FIT INFORMATION

Number of Free Parameters                       80

Loglikelihood

    H0 Value

        Mean                            -16998.036
        Std Dev                            153.523
        Number of successful computations      100

             Proportions                   Percentiles
        Expected    Observed         Expected       Observed
           0.990       0.980       -17355.177     -17415.101
           0.980       0.950       -17313.327     -17363.179
           0.950       0.930       -17250.567     -17330.886
           0.900       0.880       -17194.792     -17226.250
           0.800       0.830       -17127.241     -17121.482
           0.700       0.700       -17078.544     -17078.750
           0.500       0.570       -16998.036     -16957.914
           0.300       0.340       -16917.528     -16901.769
           0.200       0.180       -16868.831     -16871.052
           0.100       0.050       -16801.281     -16842.663
           0.050       0.030       -16745.506     -16809.201
           0.020       0.020       -16682.745     -16742.097
           0.010       0.010       -16640.895     -16670.221

    H1 Value

        Mean                            -14879.696
        Std Dev                             69.245
        Number of successful computations      100

             Proportions                   Percentiles
        Expected    Observed         Expected       Observed
           0.990       0.980       -15040.781     -15048.120
           0.980       0.960       -15021.905     -15041.140
           0.950       0.930       -14993.597     -15020.541
           0.900       0.910       -14968.440     -14976.413
           0.800       0.820       -14937.972     -14936.969
           0.700       0.710       -14916.008     -14913.871
           0.500       0.520       -14879.696     -14877.050
           0.300       0.280       -14843.383     -14852.817
           0.200       0.230       -14821.419     -14818.824
           0.100       0.120       -14790.951     -14785.153
           0.050       0.030       -14765.794     -14768.423
           0.020       0.020       -14737.486     -14755.058
           0.010       0.000       -14718.610     -14737.279

Information Criteria

    Akaike (AIC)

        Mean                             34156.072
        Std Dev                            307.047
        Number of successful computations      100

             Proportions                   Percentiles
        Expected    Observed         Expected       Observed
           0.990       0.990        33441.790      33416.609
           0.980       0.980        33525.491      33500.443
           0.950       0.970        33651.011      33735.706
           0.900       0.950        33762.561      33817.183
           0.800       0.820        33897.662      33899.886
           0.700       0.660        33995.057      33962.984
           0.500       0.430        34156.072      34063.230
           0.300       0.300        34317.087      34310.514
           0.200       0.170        34414.483      34392.873
           0.100       0.120        34549.583      34599.800
           0.050       0.070        34661.133      34687.360
           0.020       0.050        34786.654      34868.094
           0.010       0.020        34870.355      34886.358

    Bayesian (BIC)

        Mean                             34507.827
        Std Dev                            307.047
        Number of successful computations      100

             Proportions                   Percentiles
        Expected    Observed         Expected       Observed
           0.990       0.990        33793.544      33768.363
           0.980       0.980        33877.245      33852.197
           0.950       0.970        34002.766      34087.460
           0.900       0.950        34114.316      34168.938
           0.800       0.820        34249.416      34251.640
           0.700       0.660        34346.811      34314.738
           0.500       0.430        34507.827      34414.984
           0.300       0.300        34668.842      34662.268
           0.200       0.170        34766.237      34744.627
           0.100       0.120        34901.337      34951.555
           0.050       0.070        35012.888      35039.114
           0.020       0.050        35138.408      35219.848
           0.010       0.020        35222.109      35238.113

    Sample-Size Adjusted BIC (n* = (n + 2) / 24)

        Mean                             34253.849
        Std Dev                            307.047
        Number of successful computations      100

             Proportions                   Percentiles
        Expected    Observed         Expected       Observed
           0.990       0.990        33539.566      33514.385
           0.980       0.980        33623.267      33598.219
           0.950       0.970        33748.788      33833.482
           0.900       0.950        33860.338      33914.960
           0.800       0.820        33995.438      33997.662
           0.700       0.660        34092.833      34060.760
           0.500       0.430        34253.849      34161.006
           0.300       0.300        34414.864      34408.290
           0.200       0.170        34512.259      34490.649
           0.100       0.120        34647.359      34697.577
           0.050       0.070        34758.909      34785.136
           0.020       0.050        34884.430      34965.870
           0.010       0.020        34968.131      34984.134

Chi-Square Test of Model Fit

        Degrees of freedom                     380

        Mean                              4236.681
        Std Dev                            257.657
        Number of successful computations      100

             Proportions                   Percentiles
        Expected    Observed         Expected       Observed
           0.990       1.000          318.822       3617.056
           0.980       1.000          325.549       3694.718
           0.950       1.000          335.820       3835.280
           0.900       1.000          345.126       3901.347
           0.800       1.000          356.625       4020.700
           0.700       1.000          365.074       4079.345
           0.500       1.000          379.334       4213.439
           0.300       1.000          393.959       4363.841
           0.200       1.000          402.986       4430.867
           0.100       1.000          415.730       4612.199
           0.050       1.000          426.454       4713.639
           0.020       1.000          438.739       4753.487
           0.010       1.000          447.058       4769.404

RMSEA (Root Mean Square Error Of Approximation)

        Mean                                 0.184
        Std Dev                              0.006
        Number of successful computations      100

             Proportions                   Percentiles
        Expected    Observed         Expected       Observed
           0.990       0.990            0.170          0.169
           0.980       0.980            0.171          0.171
           0.950       0.960            0.174          0.174
           0.900       0.900            0.176          0.176
           0.800       0.820            0.179          0.179
           0.700       0.660            0.181          0.180
           0.500       0.490            0.184          0.183
           0.300       0.300            0.187          0.187
           0.200       0.170            0.189          0.189
           0.100       0.120            0.192          0.193
           0.050       0.070            0.194          0.195
           0.020       0.010            0.196          0.196
           0.010       0.010            0.198          0.196

SRMR (Standardized Root Mean Square Residual)

        Mean                                 0.331
        Std Dev                              0.014
        Number of successful computations      100

             Proportions                   Percentiles
        Expected    Observed         Expected       Observed
           0.990       0.990            0.299          0.296
           0.980       0.980            0.302          0.302
           0.950       0.960            0.308          0.308
           0.900       0.920            0.313          0.314
           0.800       0.790            0.319          0.319
           0.700       0.680            0.323          0.323
           0.500       0.480            0.331          0.330
           0.300       0.320            0.338          0.339
           0.200       0.180            0.342          0.341
           0.100       0.120            0.348          0.350
           0.050       0.070            0.353          0.356
           0.020       0.020            0.359          0.357
           0.010       0.010            0.363          0.359


MODEL RESULTS

                              ESTIMATES              S. E.     M. S. E.  95%  % Sig
                 Population   Average   Std. Dev.   Average             Cover Coeff
Group G1

 Means
  V1                  0.000    -0.0056     0.0596     0.0576     0.0036 0.930 0.070
  V2                  0.000    -0.0071     0.0566     0.0577     0.0032 0.950 0.050
  V3                  0.000    -0.0027     0.0562     0.0577     0.0031 0.950 0.050
  V4                  0.000    -0.0052     0.0577     0.0573     0.0033 0.920 0.080
  V5                  0.000     0.0011     0.0611     0.0576     0.0037 0.950 0.050
  V6                  0.000    -0.0077     0.0618     0.0573     0.0038 0.930 0.070
  V7                  0.000     0.0004     0.0660     0.0578     0.0043 0.930 0.070
  V8                  0.000     0.0068     0.0553     0.0575     0.0031 0.970 0.030
  V9                  0.000     0.0000     0.0586     0.0573     0.0034 0.930 0.070
  V10                 0.000    -0.0006     0.0584     0.0578     0.0034 0.950 0.050
  V11                 0.000     0.0009     0.0601     0.0573     0.0036 0.940 0.060
  V12                 0.000     0.0062     0.0568     0.0577     0.0032 0.960 0.040
  V13                 0.000     0.0020     0.0582     0.0577     0.0034 0.970 0.030
  V14                 0.000    -0.0031     0.0625     0.0573     0.0039 0.930 0.070
  V15                 0.000    -0.0049     0.0581     0.0578     0.0034 0.950 0.050
  V16                 0.000    -0.0102     0.0615     0.0574     0.0038 0.950 0.050
  V17                 0.000     0.0041     0.0570     0.0574     0.0032 0.970 0.030
  V18                 0.000     0.0101     0.0605     0.0573     0.0037 0.950 0.050
  V19                 0.000     0.0082     0.0622     0.0579     0.0039 0.940 0.060
  V20                 0.000    -0.0018     0.0625     0.0574     0.0039 0.930 0.070

 Variances
  V1                  0.500     0.9969     0.0758     0.0814     0.2526 0.000 1.000
  V2                  0.500     1.0009     0.0782     0.0817     0.2570 0.000 1.000
  V3                  0.500     0.9988     0.0813     0.0816     0.2554 0.000 1.000
  V4                  0.500     0.9851     0.0781     0.0804     0.2413 0.000 1.000
  V5                  0.500     0.9954     0.0640     0.0813     0.2495 0.000 1.000
  V6                  0.500     0.9863     0.0763     0.0805     0.2422 0.000 1.000
  V7                  0.500     1.0031     0.0854     0.0819     0.2603 0.000 1.000
  V8                  0.500     0.9940     0.0895     0.0812     0.2520 0.000 1.000
  V9                  0.500     0.9866     0.0828     0.0806     0.2436 0.000 1.000
  V10                 0.500     1.0034     0.0889     0.0819     0.2612 0.000 1.000
  V11                 0.500     0.9857     0.0801     0.0805     0.2423 0.000 1.000
  V12                 0.500     0.9996     0.0803     0.0816     0.2559 0.000 1.000
  V13                 0.500     1.0007     0.0843     0.0817     0.2577 0.000 1.000
  V14                 0.500     0.9855     0.0862     0.0805     0.2431 0.000 1.000
  V15                 0.500     1.0035     0.0811     0.0819     0.2600 0.000 1.000
  V16                 0.500     0.9911     0.0842     0.0809     0.2482 0.000 1.000
  V17                 0.500     0.9893     0.0715     0.0808     0.2444 0.000 1.000
  V18                 0.500     0.9863     0.0937     0.0805     0.2451 0.000 1.000
  V19                 0.500     1.0076     0.0797     0.0823     0.2639 0.000 1.000
  V20                 0.500     0.9903     0.0830     0.0809     0.2472 0.000 1.000

Group G2

 Means
  V1                  0.000    -0.0015     0.0565     0.0580     0.0032 0.950 0.050
  V2                  0.000     0.0058     0.0552     0.0578     0.0031 0.960 0.040
  V3                  0.000     0.0000     0.0662     0.0580     0.0043 0.890 0.110
  V4                  0.000     0.0013     0.0553     0.0575     0.0030 0.960 0.040
  V5                  0.000    -0.0014     0.0513     0.0574     0.0026 0.970 0.030
  V6                  0.000    -0.0156     0.0575     0.0575     0.0035 0.930 0.070
  V7                  0.000     0.0000     0.0581     0.0578     0.0033 0.930 0.070
  V8                  0.000    -0.0063     0.0578     0.0576     0.0033 0.990 0.010
  V9                  0.000    -0.0026     0.0548     0.0579     0.0030 0.950 0.050
  V10                 0.000     0.0007     0.0630     0.0581     0.0039 0.940 0.060
  V11                 0.000     0.0005     0.0622     0.0579     0.0038 0.940 0.060
  V12                 0.000     0.0026     0.0617     0.0577     0.0038 0.960 0.040
  V13                 0.000     0.0003     0.0509     0.0577     0.0026 0.970 0.030
  V14                 0.000     0.0001     0.0606     0.0575     0.0036 0.960 0.040
  V15                 0.000    -0.0019     0.0595     0.0579     0.0035 0.950 0.050
  V16                 0.000    -0.0064     0.0579     0.0579     0.0034 0.940 0.060
  V17                 0.000     0.0010     0.0605     0.0574     0.0036 0.940 0.060
  V18                 0.000     0.0095     0.0617     0.0583     0.0039 0.940 0.060
  V19                 0.000    -0.0014     0.0532     0.0575     0.0028 0.930 0.070
  V20                 0.000    -0.0123     0.0574     0.0578     0.0034 0.950 0.050

 Variances
  V1                  0.500     1.0099     0.0846     0.0825     0.2670 0.000 1.000
  V2                  0.500     1.0022     0.0806     0.0818     0.2587 0.000 1.000
  V3                  0.500     1.0099     0.0838     0.0825     0.2670 0.000 1.000
  V4                  0.500     0.9948     0.0803     0.0812     0.2512 0.000 1.000
  V5                  0.500     0.9910     0.0818     0.0809     0.2477 0.000 1.000
  V6                  0.500     0.9936     0.0770     0.0811     0.2495 0.000 1.000
  V7                  0.500     1.0049     0.0853     0.0820     0.2621 0.000 1.000
  V8                  0.500     0.9986     0.0832     0.0815     0.2554 0.000 1.000
  V9                  0.500     1.0064     0.0834     0.0822     0.2633 0.000 1.000
  V10                 0.500     1.0148     0.0833     0.0829     0.2719 0.000 1.000
  V11                 0.500     1.0060     0.0780     0.0821     0.2621 0.000 1.000
  V12                 0.500     0.9993     0.0815     0.0816     0.2558 0.000 1.000
  V13                 0.500     0.9999     0.0856     0.0816     0.2572 0.000 1.000
  V14                 0.500     0.9927     0.0743     0.0811     0.2482 0.000 1.000
  V15                 0.500     1.0061     0.0822     0.0821     0.2629 0.000 1.000
  V16                 0.500     1.0079     0.0941     0.0823     0.2667 0.000 1.000
  V17                 0.500     0.9903     0.0808     0.0809     0.2469 0.000 1.000
  V18                 0.500     1.0212     0.0809     0.0834     0.2781 0.000 1.000
  V19                 0.500     0.9952     0.0863     0.0813     0.2526 0.000 1.000
  V20                 0.500     1.0049     0.0765     0.0820     0.2607 0.000 1.000


QUALITY OF NUMERICAL RESULTS

     Average Condition Number for the Information Matrix      0.326E+00
       (ratio of smallest to largest eigenvalue)


TECHNICAL OUTPUT


     PARAMETER SPECIFICATION FOR G1


           NU
              V1            V2            V3            V4            V5
              ________      ________      ________      ________      ________
      1           1             2             3             4             5


           NU
              V6            V7            V8            V9            V10
              ________      ________      ________      ________      ________
      1           6             7             8             9            10


           NU
              V11           V12           V13           V14           V15
              ________      ________      ________      ________      ________
      1          11            12            13            14            15


           NU
              V16           V17           V18           V19           V20
              ________      ________      ________      ________      ________
      1          16            17            18            19            20


           THETA
              V1            V2            V3            V4            V5
              ________      ________      ________      ________      ________
 V1                21
 V2                 0            22
 V3                 0             0            23
 V4                 0             0             0            24
 V5                 0             0             0             0            25
 V6                 0             0             0             0             0
 V7                 0             0             0             0             0
 V8                 0             0             0             0             0
 V9                 0             0             0             0             0
 V10                0             0             0             0             0
 V11                0             0             0             0             0
 V12                0             0             0             0             0
 V13                0             0             0             0             0
 V14                0             0             0             0             0
 V15                0             0             0             0             0
 V16                0             0             0             0             0
 V17                0             0             0             0             0
 V18                0             0             0             0             0
 V19                0             0             0             0             0
 V20                0             0             0             0             0


           THETA
              V6            V7            V8            V9            V10
              ________      ________      ________      ________      ________
 V6                26
 V7                 0            27
 V8                 0             0            28
 V9                 0             0             0            29
 V10                0             0             0             0            30
 V11                0             0             0             0             0
 V12                0             0             0             0             0
 V13                0             0             0             0             0
 V14                0             0             0             0             0
 V15                0             0             0             0             0
 V16                0             0             0             0             0
 V17                0             0             0             0             0
 V18                0             0             0             0             0
 V19                0             0             0             0             0
 V20                0             0             0             0             0


           THETA
              V11           V12           V13           V14           V15
              ________      ________      ________      ________      ________
 V11               31
 V12                0            32
 V13                0             0            33
 V14                0             0             0            34
 V15                0             0             0             0            35
 V16                0             0             0             0             0
 V17                0             0             0             0             0
 V18                0             0             0             0             0
 V19                0             0             0             0             0
 V20                0             0             0             0             0


           THETA
              V16           V17           V18           V19           V20
              ________      ________      ________      ________      ________
 V16               36
 V17                0            37
 V18                0             0            38
 V19                0             0             0            39
 V20                0             0             0             0            40


     PARAMETER SPECIFICATION FOR G2


           NU
              V1            V2            V3            V4            V5
              ________      ________      ________      ________      ________
      1          41            42            43            44            45


           NU
              V6            V7            V8            V9            V10
              ________      ________      ________      ________      ________
      1          46            47            48            49            50


           NU
              V11           V12           V13           V14           V15
              ________      ________      ________      ________      ________
      1          51            52            53            54            55


           NU
              V16           V17           V18           V19           V20
              ________      ________      ________      ________      ________
      1          56            57            58            59            60


           THETA
              V1            V2            V3            V4            V5
              ________      ________      ________      ________      ________
 V1                61
 V2                 0            62
 V3                 0             0            63
 V4                 0             0             0            64
 V5                 0             0             0             0            65
 V6                 0             0             0             0             0
 V7                 0             0             0             0             0
 V8                 0             0             0             0             0
 V9                 0             0             0             0             0
 V10                0             0             0             0             0
 V11                0             0             0             0             0
 V12                0             0             0             0             0
 V13                0             0             0             0             0
 V14                0             0             0             0             0
 V15                0             0             0             0             0
 V16                0             0             0             0             0
 V17                0             0             0             0             0
 V18                0             0             0             0             0
 V19                0             0             0             0             0
 V20                0             0             0             0             0


           THETA
              V6            V7            V8            V9            V10
              ________      ________      ________      ________      ________
 V6                66
 V7                 0            67
 V8                 0             0            68
 V9                 0             0             0            69
 V10                0             0             0             0            70
 V11                0             0             0             0             0
 V12                0             0             0             0             0
 V13                0             0             0             0             0
 V14                0             0             0             0             0
 V15                0             0             0             0             0
 V16                0             0             0             0             0
 V17                0             0             0             0             0
 V18                0             0             0             0             0
 V19                0             0             0             0             0
 V20                0             0             0             0             0


           THETA
              V11           V12           V13           V14           V15
              ________      ________      ________      ________      ________
 V11               71
 V12                0            72
 V13                0             0            73
 V14                0             0             0            74
 V15                0             0             0             0            75
 V16                0             0             0             0             0
 V17                0             0             0             0             0
 V18                0             0             0             0             0
 V19                0             0             0             0             0
 V20                0             0             0             0             0


           THETA
              V16           V17           V18           V19           V20
              ________      ________      ________      ________      ________
 V16               76
 V17                0            77
 V18                0             0            78
 V19                0             0             0            79
 V20                0             0             0             0            80


     STARTING VALUES FOR G1


           NU
              V1            V2            V3            V4            V5
              ________      ________      ________      ________      ________
      1         0.000         0.000         0.000         0.000         0.000


           NU
              V6            V7            V8            V9            V10
              ________      ________      ________      ________      ________
      1         0.000         0.000         0.000         0.000         0.000


           NU
              V11           V12           V13           V14           V15
              ________      ________      ________      ________      ________
      1         0.000         0.000         0.000         0.000         0.000


           NU
              V16           V17           V18           V19           V20
              ________      ________      ________      ________      ________
      1         0.000         0.000         0.000         0.000         0.000


           THETA
              V1            V2            V3            V4            V5
              ________      ________      ________      ________      ________
 V1             0.500
 V2             0.000         0.500
 V3             0.000         0.000         0.500
 V4             0.000         0.000         0.000         0.500
 V5             0.000         0.000         0.000         0.000         0.500
 V6             0.000         0.000         0.000         0.000         0.000
 V7             0.000         0.000         0.000         0.000         0.000
 V8             0.000         0.000         0.000         0.000         0.000
 V9             0.000         0.000         0.000         0.000         0.000
 V10            0.000         0.000         0.000         0.000         0.000
 V11            0.000         0.000         0.000         0.000         0.000
 V12            0.000         0.000         0.000         0.000         0.000
 V13            0.000         0.000         0.000         0.000         0.000
 V14            0.000         0.000         0.000         0.000         0.000
 V15            0.000         0.000         0.000         0.000         0.000
 V16            0.000         0.000         0.000         0.000         0.000
 V17            0.000         0.000         0.000         0.000         0.000
 V18            0.000         0.000         0.000         0.000         0.000
 V19            0.000         0.000         0.000         0.000         0.000
 V20            0.000         0.000         0.000         0.000         0.000


           THETA
              V6            V7            V8            V9            V10
              ________      ________      ________      ________      ________
 V6             0.500
 V7             0.000         0.500
 V8             0.000         0.000         0.500
 V9             0.000         0.000         0.000         0.500
 V10            0.000         0.000         0.000         0.000         0.500
 V11            0.000         0.000         0.000         0.000         0.000
 V12            0.000         0.000         0.000         0.000         0.000
 V13            0.000         0.000         0.000         0.000         0.000
 V14            0.000         0.000         0.000         0.000         0.000
 V15            0.000         0.000         0.000         0.000         0.000
 V16            0.000         0.000         0.000         0.000         0.000
 V17            0.000         0.000         0.000         0.000         0.000
 V18            0.000         0.000         0.000         0.000         0.000
 V19            0.000         0.000         0.000         0.000         0.000
 V20            0.000         0.000         0.000         0.000         0.000


           THETA
              V11           V12           V13           V14           V15
              ________      ________      ________      ________      ________
 V11            0.500
 V12            0.000         0.500
 V13            0.000         0.000         0.500
 V14            0.000         0.000         0.000         0.500
 V15            0.000         0.000         0.000         0.000         0.500
 V16            0.000         0.000         0.000         0.000         0.000
 V17            0.000         0.000         0.000         0.000         0.000
 V18            0.000         0.000         0.000         0.000         0.000
 V19            0.000         0.000         0.000         0.000         0.000
 V20            0.000         0.000         0.000         0.000         0.000


           THETA
              V16           V17           V18           V19           V20
              ________      ________      ________      ________      ________
 V16            0.500
 V17            0.000         0.500
 V18            0.000         0.000         0.500
 V19            0.000         0.000         0.000         0.500
 V20            0.000         0.000         0.000         0.000         0.500


     STARTING VALUES FOR G2


           NU
              V1            V2            V3            V4            V5
              ________      ________      ________      ________      ________
      1         0.000         0.000         0.000         0.000         0.000


           NU
              V6            V7            V8            V9            V10
              ________      ________      ________      ________      ________
      1         0.000         0.000         0.000         0.000         0.000


           NU
              V11           V12           V13           V14           V15
              ________      ________      ________      ________      ________
      1         0.000         0.000         0.000         0.000         0.000


           NU
              V16           V17           V18           V19           V20
              ________      ________      ________      ________      ________
      1         0.000         0.000         0.000         0.000         0.000


           THETA
              V1            V2            V3            V4            V5
              ________      ________      ________      ________      ________
 V1             0.500
 V2             0.000         0.500
 V3             0.000         0.000         0.500
 V4             0.000         0.000         0.000         0.500
 V5             0.000         0.000         0.000         0.000         0.500
 V6             0.000         0.000         0.000         0.000         0.000
 V7             0.000         0.000         0.000         0.000         0.000
 V8             0.000         0.000         0.000         0.000         0.000
 V9             0.000         0.000         0.000         0.000         0.000
 V10            0.000         0.000         0.000         0.000         0.000
 V11            0.000         0.000         0.000         0.000         0.000
 V12            0.000         0.000         0.000         0.000         0.000
 V13            0.000         0.000         0.000         0.000         0.000
 V14            0.000         0.000         0.000         0.000         0.000
 V15            0.000         0.000         0.000         0.000         0.000
 V16            0.000         0.000         0.000         0.000         0.000
 V17            0.000         0.000         0.000         0.000         0.000
 V18            0.000         0.000         0.000         0.000         0.000
 V19            0.000         0.000         0.000         0.000         0.000
 V20            0.000         0.000         0.000         0.000         0.000


           THETA
              V6            V7            V8            V9            V10
              ________      ________      ________      ________      ________
 V6             0.500
 V7             0.000         0.500
 V8             0.000         0.000         0.500
 V9             0.000         0.000         0.000         0.500
 V10            0.000         0.000         0.000         0.000         0.500
 V11            0.000         0.000         0.000         0.000         0.000
 V12            0.000         0.000         0.000         0.000         0.000
 V13            0.000         0.000         0.000         0.000         0.000
 V14            0.000         0.000         0.000         0.000         0.000
 V15            0.000         0.000         0.000         0.000         0.000
 V16            0.000         0.000         0.000         0.000         0.000
 V17            0.000         0.000         0.000         0.000         0.000
 V18            0.000         0.000         0.000         0.000         0.000
 V19            0.000         0.000         0.000         0.000         0.000
 V20            0.000         0.000         0.000         0.000         0.000


           THETA
              V11           V12           V13           V14           V15
              ________      ________      ________      ________      ________
 V11            0.500
 V12            0.000         0.500
 V13            0.000         0.000         0.500
 V14            0.000         0.000         0.000         0.500
 V15            0.000         0.000         0.000         0.000         0.500
 V16            0.000         0.000         0.000         0.000         0.000
 V17            0.000         0.000         0.000         0.000         0.000
 V18            0.000         0.000         0.000         0.000         0.000
 V19            0.000         0.000         0.000         0.000         0.000
 V20            0.000         0.000         0.000         0.000         0.000


           THETA
              V16           V17           V18           V19           V20
              ________      ________      ________      ________      ________
 V16            0.500
 V17            0.000         0.500
 V18            0.000         0.000         0.500
 V19            0.000         0.000         0.000         0.500
 V20            0.000         0.000         0.000         0.000         0.500


     POPULATION VALUES FOR G1


           NU
              V1            V2            V3            V4            V5
              ________      ________      ________      ________      ________
 1              0.000         0.000         0.000         0.000         0.000


           NU
              V6            V7            V8            V9            V10
              ________      ________      ________      ________      ________
 1              0.000         0.000         0.000         0.000         0.000


           NU
              V11           V12           V13           V14           V15
              ________      ________      ________      ________      ________
 1              0.000         0.000         0.000         0.000         0.000


           NU
              V16           V17           V18           V19           V20
              ________      ________      ________      ________      ________
 1              0.000         0.000         0.000         0.000         0.000


           LAMBDA
              F1
              ________
 V1             0.600
 V2             0.600
 V3             0.600
 V4             0.600
 V5             0.600
 V6             0.600
 V7             0.600
 V8             0.600
 V9             0.600
 V10            0.600
 V11            0.600
 V12            0.600
 V13            0.600
 V14            0.600
 V15            0.600
 V16            0.600
 V17            0.600
 V18            0.600
 V19            0.600
 V20            0.600


           THETA
              V1            V2            V3            V4            V5
              ________      ________      ________      ________      ________
 V1             0.640
 V2             0.000         0.640
 V3             0.000         0.000         0.640
 V4             0.000         0.000         0.000         0.640
 V5             0.000         0.000         0.000         0.000         0.640
 V6             0.000         0.000         0.000         0.000         0.000
 V7             0.000         0.000         0.000         0.000         0.000
 V8             0.000         0.000         0.000         0.000         0.000
 V9             0.000         0.000         0.000         0.000         0.000
 V10            0.000         0.000         0.000         0.000         0.000
 V11            0.000         0.000         0.000         0.000         0.000
 V12            0.000         0.000         0.000         0.000         0.000
 V13            0.000         0.000         0.000         0.000         0.000
 V14            0.000         0.000         0.000         0.000         0.000
 V15            0.000         0.000         0.000         0.000         0.000
 V16            0.000         0.000         0.000         0.000         0.000
 V17            0.000         0.000         0.000         0.000         0.000
 V18            0.000         0.000         0.000         0.000         0.000
 V19            0.000         0.000         0.000         0.000         0.000
 V20            0.000         0.000         0.000         0.000         0.000


           THETA
              V6            V7            V8            V9            V10
              ________      ________      ________      ________      ________
 V6             0.640
 V7             0.000         0.640
 V8             0.000         0.000         0.640
 V9             0.000         0.000         0.000         0.640
 V10            0.000         0.000         0.000         0.000         0.640
 V11            0.000         0.000         0.000         0.000         0.000
 V12            0.000         0.000         0.000         0.000         0.000
 V13            0.000         0.000         0.000         0.000         0.000
 V14            0.000         0.000         0.000         0.000         0.000
 V15            0.000         0.000         0.000         0.000         0.000
 V16            0.000         0.000         0.000         0.000         0.000
 V17            0.000         0.000         0.000         0.000         0.000
 V18            0.000         0.000         0.000         0.000         0.000
 V19            0.000         0.000         0.000         0.000         0.000
 V20            0.000         0.000         0.000         0.000         0.000


           THETA
              V11           V12           V13           V14           V15
              ________      ________      ________      ________      ________
 V11            0.640
 V12            0.000         0.640
 V13            0.000         0.000         0.640
 V14            0.000         0.000         0.000         0.640
 V15            0.000         0.000         0.000         0.000         0.640
 V16            0.000         0.000         0.000         0.000         0.000
 V17            0.000         0.000         0.000         0.000         0.000
 V18            0.000         0.000         0.000         0.000         0.000
 V19            0.000         0.000         0.000         0.000         0.000
 V20            0.000         0.000         0.000         0.000         0.000


           THETA
              V16           V17           V18           V19           V20
              ________      ________      ________      ________      ________
 V16            0.640
 V17            0.000         0.640
 V18            0.000         0.000         0.640
 V19            0.000         0.000         0.000         0.640
 V20            0.000         0.000         0.000         0.000         0.640


           ALPHA
              F1
              ________
 1              0.000


           BETA
              F1
              ________
 F1             0.000


           PSI
              F1
              ________
 F1             1.000


     POPULATION VALUES FOR G2


           NU
              V1            V2            V3            V4            V5
              ________      ________      ________      ________      ________
 1              0.000         0.000         0.000         0.000         0.000


           NU
              V6            V7            V8            V9            V10
              ________      ________      ________      ________      ________
 1              0.000         0.000         0.000         0.000         0.000


           NU
              V11           V12           V13           V14           V15
              ________      ________      ________      ________      ________
 1              0.000         0.000         0.000         0.000         0.000


           NU
              V16           V17           V18           V19           V20
              ________      ________      ________      ________      ________
 1              0.000         0.000         0.000         0.000         0.000


           LAMBDA
              F1
              ________
 V1             0.600
 V2             0.600
 V3             0.600
 V4             0.600
 V5             0.600
 V6             0.600
 V7             0.600
 V8             0.600
 V9             0.600
 V10            0.600
 V11            0.600
 V12            0.600
 V13            0.600
 V14            0.600
 V15            0.600
 V16            0.600
 V17            0.600
 V18            0.600
 V19            0.600
 V20            0.600


           THETA
              V1            V2            V3            V4            V5
              ________      ________      ________      ________      ________
 V1             0.640
 V2             0.000         0.640
 V3             0.000         0.000         0.640
 V4             0.000         0.000         0.000         0.640
 V5             0.000         0.000         0.000         0.000         0.640
 V6             0.000         0.000         0.000         0.000         0.000
 V7             0.000         0.000         0.000         0.000         0.000
 V8             0.000         0.000         0.000         0.000         0.000
 V9             0.000         0.000         0.000         0.000         0.000
 V10            0.000         0.000         0.000         0.000         0.000
 V11            0.000         0.000         0.000         0.000         0.000
 V12            0.000         0.000         0.000         0.000         0.000
 V13            0.000         0.000         0.000         0.000         0.000
 V14            0.000         0.000         0.000         0.000         0.000
 V15            0.000         0.000         0.000         0.000         0.000
 V16            0.000         0.000         0.000         0.000         0.000
 V17            0.000         0.000         0.000         0.000         0.000
 V18            0.000         0.000         0.000         0.000         0.000
 V19            0.000         0.000         0.000         0.000         0.000
 V20            0.000         0.000         0.000         0.000         0.000


           THETA
              V6            V7            V8            V9            V10
              ________      ________      ________      ________      ________
 V6             0.640
 V7             0.000         0.640
 V8             0.000         0.000         0.640
 V9             0.000         0.000         0.000         0.640
 V10            0.000         0.000         0.000         0.000         0.640
 V11            0.000         0.000         0.000         0.000         0.000
 V12            0.000         0.000         0.000         0.000         0.000
 V13            0.000         0.000         0.000         0.000         0.000
 V14            0.000         0.000         0.000         0.000         0.000
 V15            0.000         0.000         0.000         0.000         0.000
 V16            0.000         0.000         0.000         0.000         0.000
 V17            0.000         0.000         0.000         0.000         0.000
 V18            0.000         0.000         0.000         0.000         0.000
 V19            0.000         0.000         0.000         0.000         0.000
 V20            0.000         0.000         0.000         0.000         0.000


           THETA
              V11           V12           V13           V14           V15
              ________      ________      ________      ________      ________
 V11            0.640
 V12            0.000         0.640
 V13            0.000         0.000         0.640
 V14            0.000         0.000         0.000         0.640
 V15            0.000         0.000         0.000         0.000         0.640
 V16            0.000         0.000         0.000         0.000         0.000
 V17            0.000         0.000         0.000         0.000         0.000
 V18            0.000         0.000         0.000         0.000         0.000
 V19            0.000         0.000         0.000         0.000         0.000
 V20            0.000         0.000         0.000         0.000         0.000


           THETA
              V16           V17           V18           V19           V20
              ________      ________      ________      ________      ________
 V16            0.640
 V17            0.000         0.640
 V18            0.000         0.000         0.640
 V19            0.000         0.000         0.000         0.640
 V20            0.000         0.000         0.000         0.000         0.640


           ALPHA
              F1
              ________
 1              0.000


           BETA
              F1
              ________
 F1             0.000


           PSI
              F1
              ________
 F1             1.000


SAVEDATA INFORMATION

  Order of variables

    V1
    V2
    V3
    V4
    V5
    V6
    V7
    V8
    V9
    V10
    V11
    V12
    V13
    V14
    V15
    V16
    V17
    V18
    V19
    V20
    GROUP

  Save file
    data*.dat

  Save file format           Free
  Save file record length    10000


     Beginning Time:  21:29:15
        Ending Time:  21:29:19
       Elapsed Time:  00:00:04



MUTHEN & MUTHEN
3463 Stoner Ave.
Los Angeles, CA  90066

Tel: (310) 391-9971
Fax: (310) 391-8971
Web: www.StatModel.com
Support: Support@StatModel.com

Copyright (c) 1998-2015 Muthen & Muthen
